Flow report for PL
Sun Jul 14 11:05:48 2024
Quartus II 64-Bit Version 14.0.0 Build 200 06/17/2014 SJ Full Version


---------------------
; Table of Contents ;
---------------------
  1. Legal Notice
  2. Flow Summary
  3. Flow Settings
  4. Flow Non-Default Global Settings
  5. Flow Elapsed Time
  6. Flow OS Summary
  7. Flow Log
  8. Flow Messages
  9. Flow Suppressed Messages



----------------
; Legal Notice ;
----------------
Copyright (C) 1991-2014 Altera Corporation. All rights reserved.
Your use of Altera Corporation's design tools, logic functions 
and other software and tools, and its AMPP partner logic 
functions, and any output files from any of the foregoing 
(including device programming or simulation files), and any 
associated documentation or information are expressly subject 
to the terms and conditions of the Altera Program License 
Subscription Agreement, the Altera Quartus II License Agreement,
the Altera MegaCore Function License Agreement, or other 
applicable license agreement, including, without limitation, 
that your use is for the sole purpose of programming logic 
devices manufactured by Altera and sold by Altera or its 
authorized distributors.  Please refer to the applicable 
agreement for further details.



+-------------------------------------------------------------------------------+
; Flow Summary                                                                  ;
+---------------------------------+---------------------------------------------+
; Flow Status                     ; Successful - Sun Jul 14 11:05:48 2024       ;
; Quartus II 64-Bit Version       ; 14.0.0 Build 200 06/17/2014 SJ Full Version ;
; Revision Name                   ; PL                                          ;
; Top-level Entity Name           ; pipelinedcpu                                ;
; Family                          ; Cyclone V                                   ;
; Device                          ; 5CSEMA5F31C6                                ;
; Timing Models                   ; Final                                       ;
; Logic utilization (in ALMs)     ; 1,289 / 32,070 ( 4 % )                      ;
; Total registers                 ; 1577                                        ;
; Total pins                      ; 162 / 457 ( 35 % )                          ;
; Total virtual pins              ; 0                                           ;
; Total block memory bits         ; 1,024 / 4,065,280 ( < 1 % )                 ;
; Total DSP Blocks                ; 0 / 87 ( 0 % )                              ;
; Total HSSI RX PCSs              ; 0                                           ;
; Total HSSI PMA RX Deserializers ; 0                                           ;
; Total HSSI TX PCSs              ; 0                                           ;
; Total HSSI PMA TX Serializers   ; 0                                           ;
; Total PLLs                      ; 0 / 6 ( 0 % )                               ;
; Total DLLs                      ; 0 / 4 ( 0 % )                               ;
+---------------------------------+---------------------------------------------+


+-----------------------------------------+
; Flow Settings                           ;
+-------------------+---------------------+
; Option            ; Setting             ;
+-------------------+---------------------+
; Start date & time ; 07/14/2024 11:04:19 ;
; Main task         ; Compilation         ;
; Revision Name     ; PL                  ;
+-------------------+---------------------+


+----------------------------------------------------------------------------------------------------------------------------------------------+
; Flow Non-Default Global Settings                                                                                                             ;
+-------------------------------------+--------------------------------------------------------+---------------+--------------+----------------+
; Assignment Name                     ; Value                                                  ; Default Value ; Entity Name  ; Section Id     ;
+-------------------------------------+--------------------------------------------------------+---------------+--------------+----------------+
; COMPILER_SIGNATURE_ID               ; 62619206759803.172092625908760                         ; --            ; --           ; --             ;
; EDA_GENERATE_FUNCTIONAL_NETLIST     ; On                                                     ; --            ; --           ; eda_simulation ;
; EDA_NETLIST_WRITER_OUTPUT_DIR       ; C:/Users/ZJ/Desktop/Practice/PipeLine/simulation/qsim/ ; --            ; --           ; eda_simulation ;
; EDA_OUTPUT_DATA_FORMAT              ; Verilog Hdl                                            ; --            ; --           ; eda_simulation ;
; EDA_SIMULATION_TOOL                 ; ModelSim-Altera (Verilog)                              ; <None>        ; --           ; --             ;
; MAX_CORE_JUNCTION_TEMP              ; 85                                                     ; --            ; --           ; --             ;
; MIN_CORE_JUNCTION_TEMP              ; 0                                                      ; --            ; --           ; --             ;
; PARTITION_COLOR                     ; 16764057                                               ; --            ; pipelinedcpu ; Top            ;
; PARTITION_FITTER_PRESERVATION_LEVEL ; PLACEMENT_AND_ROUTING                                  ; --            ; pipelinedcpu ; Top            ;
; PARTITION_NETLIST_TYPE              ; SOURCE                                                 ; --            ; pipelinedcpu ; Top            ;
; PROJECT_OUTPUT_DIRECTORY            ; output_files                                           ; --            ; --           ; --             ;
; TOP_LEVEL_ENTITY                    ; pipelinedcpu                                           ; PL            ; --           ; --             ;
+-------------------------------------+--------------------------------------------------------+---------------+--------------+----------------+


+-------------------------------------------------------------------------------------------------------------------------------+
; Flow Elapsed Time                                                                                                             ;
+---------------------------+--------------+-------------------------+---------------------+------------------------------------+
; Module Name               ; Elapsed Time ; Average Processors Used ; Peak Virtual Memory ; Total CPU Time (on all processors) ;
+---------------------------+--------------+-------------------------+---------------------+------------------------------------+
; Analysis & Synthesis      ; 00:00:06     ; 1.0                     ; 4915 MB             ; 00:00:06                           ;
; Fitter                    ; 00:00:49     ; 4.1                     ; 7246 MB             ; 00:01:53                           ;
; Assembler                 ; 00:00:01     ; 1.0                     ; 4673 MB             ; 00:00:01                           ;
; TimeQuest Timing Analyzer ; 00:00:09     ; 1.0                     ; 5321 MB             ; 00:00:17                           ;
; EDA Netlist Writer        ; 00:00:01     ; 1.0                     ; 4691 MB             ; 00:00:01                           ;
; EDA Netlist Writer        ; 00:00:01     ; 1.0                     ; 4697 MB             ; 00:00:01                           ;
; EDA Netlist Writer        ; 00:00:01     ; 1.0                     ; 4708 MB             ; 00:00:01                           ;
; Total                     ; 00:01:08     ; --                      ; --                  ; 00:02:20                           ;
+---------------------------+--------------+-------------------------+---------------------+------------------------------------+


+----------------------------------------------------------------------------------------+
; Flow OS Summary                                                                        ;
+---------------------------+------------------+-----------+------------+----------------+
; Module Name               ; Machine Hostname ; OS Name   ; OS Version ; Processor type ;
+---------------------------+------------------+-----------+------------+----------------+
; Analysis & Synthesis      ; LAPTOP-H70KF4CQ  ; Windows 7 ; 6.2        ; x86_64         ;
; Fitter                    ; LAPTOP-H70KF4CQ  ; Windows 7 ; 6.2        ; x86_64         ;
; Assembler                 ; LAPTOP-H70KF4CQ  ; Windows 7 ; 6.2        ; x86_64         ;
; TimeQuest Timing Analyzer ; LAPTOP-H70KF4CQ  ; Windows 7 ; 6.2        ; x86_64         ;
; EDA Netlist Writer        ; LAPTOP-H70KF4CQ  ; Windows 7 ; 6.2        ; x86_64         ;
; EDA Netlist Writer        ; LAPTOP-H70KF4CQ  ; Windows 7 ; 6.2        ; x86_64         ;
; EDA Netlist Writer        ; LAPTOP-H70KF4CQ  ; Windows 7 ; 6.2        ; x86_64         ;
+---------------------------+------------------+-----------+------------+----------------+


------------
; Flow Log ;
------------
quartus_map --read_settings_files=on --write_settings_files=off PL -c PL
quartus_fit --read_settings_files=off --write_settings_files=off PL -c PL
quartus_asm --read_settings_files=off --write_settings_files=off PL -c PL
quartus_sta PL -c PL
quartus_eda --read_settings_files=off --write_settings_files=off PL -c PL
quartus_eda --gen_testbench --check_outputs=on --tool=modelsim_oem --format=verilog PL -c PL --vector_source=C:/Users/ZJ/Desktop/Practice/PipeLine/Waveform.vwf --testbench_file=C:/Users/ZJ/Desktop/Practice/PipeLine/simulation/qsim/Waveform.vwf.vt
quartus_eda --functional=on --flatten_buses=off --simulation=on --tool=modelsim_oem --format=verilog --output_directory=C:/Users/ZJ/Desktop/Practice/PipeLine/simulation/qsim/ PL -c PL



